<?xml version="1.0" encoding="UTF-8"?>
<!-- Generated by org.testng.reporters.JUnitReportReporter -->
<testsuite hostname="INLPF37BZVM" failures="0" tests="1" name="danskespil.Danskespil" time="721.594" errors="0" timestamp="2024-01-08T12:30:28 IST" skipped="0">
  <testcase classname="danskespil.Danskespil" name="danskespilBingo" time="721.594">
    <system-out>
      <![CDATA[Site Launched:::https://danskespil.dk/bingo
Tutorial Skipped
Balance before wager captured
Balance after wager is captured
Wagered Amount
Prizes popup invoked
Prizes popup closed
Jackpot popup invoked
Jackpot popup closed
historyBoard invoked
historyBoard closed
oneLine Winner Window
twoLine Winner Window
threeLine Winner Window
fourLine Winner Window
Full House Window
Clicked on bet history
Clicked on bet history refresh
Clicked on history sorting
Expanding bet history
Smiley's invoked
Smiley's closed
Closed popup is displaying
Close the game window]]>
    </system-out>
  </testcase> <!-- danskespilBingo -->
  <system-out>
    <![CDATA[Site Launched:::https://bingo.ladbrokes.com/en/bingo/rooms?q=1
Getting game list
Tutorial Skipped
Balance before wager captured
Tickets purchased
Balance after wawger is captured
Wagered Amount
Prizes popup invoked
Prizes popup closed
Jackpot popup invoked
Jackpot popup closed
historyBoard invoked
historyBoard closed
Full House Window
Clicked on bet history
Clicked on bet history refresh
Clicked on history sorting
Expanding bet history
Smiley's invoked
Smiley's closed
Closed popup is displaying
Close the game window
Site Launched:::https://bingo.coral.co.uk/en/bingo/rooms?q=1
Getting game list
Tutorial Skipped
Balance before wager captured
Tickets purchased
Balance after wawger is captured
Wagered Amount
Prizes popup invoked
Prizes popup closed
Jackpot popup invoked
Jackpot popup closed
historyBoard invoked
historyBoard closed
oneLine Non Winner Window
Full House Window
Clicked on bet history
Clicked on bet history refresh
Clicked on history sorting
Expanding bet history
Smiley's invoked
Smiley's closed
Closed popup is displaying
Close the game window
Site Launched:::https://bingo.galabingo.com/en/bingo/schedule?q=1
Getting game list
Tutorial Skipped
Balance before wager captured
Tickets purchased
Balance after wawger is captured
Wagered Amount
Prizes popup invoked
Prizes popup closed
Jackpot popup invoked
Jackpot popup closed
historyBoard invoked
historyBoard closed
oneLine Non Winner Window
twoLine Non Winner Window
threeLine Non Winner Window
fourLine Non Winner Window
Full House Window
Clicked on bet history
Clicked on bet history refresh
Clicked on history sorting
Expanding bet history
Smiley's invoked
Smiley's closed
Closed popup is displaying
Close the game window
Site Launched:::https://bingo.foxybingo.com/en/bingo/rooms
Getting game list
Tutorial Skipped
Balance before wager captured
Balance after wawger is captured
Wagered Amount
Prizes popup invoked
Prizes popup closed
Jackpot popup invoked
Jackpot popup closed
historyBoard invoked
historyBoard closed
Full House Window
Clicked on bet history
Clicked on bet history refresh
Clicked on history sorting
Expanding bet history
Smiley's invoked
Smiley's closed
Closed popup is displaying
Close the game window
Site Launched:::https://bingo.sportingbet.com/pt-br/bingo/rooms?q=1
Getting game list
Tutorial Skipped
Balance before wager captured
Tickets purchased
Balance after wager is captured
Wagered Amount
Prizes popup invoked
Prizes popup closed
Jackpot popup invoked
Jackpot popup closed
historyBoard invoked
historyBoard closed
Full House Window
Smiley's invoked
Smiley's closed
Closed popup is displaying
Close the game window
Site Launched:::https://bingo.br.betboo.com/pt-br/bingo/rooms?q=1
Getting game list
Tutorial Skipped
Balance before wager captured
Tickets purchased
Balance after wager is captured
Wagered Amount
Prizes popup invoked
Prizes popup closed
Jackpot popup invoked
Jackpot popup closed
historyBoard invoked
historyBoard closed
Full House Window
Clicked on bet history
Clicked on bet history refresh
Clicked on history sorting
Expanding bet history
Smiley's invoked
Smiley's closed
Closed popup is displaying
Close the game window
Site Launched:::https://danskespil.dk/bingo
Tutorial Skipped
Balance before wager captured
Balance after wager is captured
Wagered Amount
Prizes popup invoked
Prizes popup closed
Jackpot popup invoked
Jackpot popup closed
historyBoard invoked
historyBoard closed
oneLine Winner Window
twoLine Winner Window
threeLine Winner Window
fourLine Winner Window
Full House Window
Clicked on bet history
Clicked on bet history refresh
Clicked on history sorting
Expanding bet history
Smiley's invoked
Smiley's closed
Closed popup is displaying
Close the game window]]>
  </system-out>
</testsuite> <!-- danskespil.Danskespil -->
