<?xml version="1.0" encoding="UTF-8"?>
<!-- Generated by org.testng.reporters.JUnitReportReporter -->
<testsuite hostname="INLPF3KTLW8" failures="0" tests="1" name="gala.GalaBingo_FST" time="204.098" errors="0" timestamp="2024-05-02T16:18:06 IST" skipped="0">
  <testcase classname="gala.GalaBingo_FST" name="galaBingo" time="204.098">
    <system-out>
      <![CDATA[Site Launched:::https://bingo.galabingo.com/en/bingo/schedule?q=1
Getting game list
Tutorial Skipped
Balance before wager captured
ticketPrice is captured
Balance after wawger is captured
Wagered Amount
historyBoard invoked
historyBoard closed
Full House Window
Clicked on bet history
Clicked on bet history refresh
Clicked on history sorting
Verified Game History
Waiting for prebuy to load....
Prebuy popup invoked
Smiley's invoked
Verified Chat
Closed popup is displaying
Close the game window
Tutorial Skipped
Closed popup is displaying
Close the game window]]>
    </system-out>
  </testcase> <!-- galaBingo -->
  <system-out>
    <![CDATA[Site Launched:::https://bingo.galabingo.com/en/bingo/schedule?q=1
Getting game list
Tutorial Skipped
Balance before wager captured
ticketPrice is captured
Balance after wawger is captured
Wagered Amount
historyBoard invoked
historyBoard closed
Full House Window
Clicked on bet history
Clicked on bet history refresh
Clicked on history sorting
Verified Game History
Waiting for prebuy to load....
Prebuy popup invoked
Smiley's invoked
Verified Chat
Closed popup is displaying
Close the game window
Tutorial Skipped
Closed popup is displaying
Close the game window]]>
  </system-out>
</testsuite> <!-- gala.GalaBingo_FST -->
