<?xml version="1.0" encoding="UTF-8"?>
<!-- Generated by org.testng.reporters.JUnitReportReporter -->
<testsuite hostname="INLPF37BZVM" failures="0" tests="1" name="sportingbet.Sportingbet_FST" time="282.932" errors="0" timestamp="2024-05-02T10:45:51 IST" skipped="0">
  <testcase classname="sportingbet.Sportingbet_FST" name="sportingBetBingo" time="282.932">
    <system-out>
      <![CDATA[Site Launched:::https://bingo.sportingbet.com/pt-br/bingo/rooms?q=1
Getting game list
Tutorial Skipped
Balance before wager captured
ticketPrice is captured
Balance after wager is captured
Wagered Amount
historyBoard invoked
historyBoard closed
Full House Window
Waiting for prebuy to load....
Prebuy popup invoked
Smiley's invoked
Verified Chat
Closed popup is displaying
Close the game window]]>
    </system-out>
  </testcase> <!-- sportingBetBingo -->
  <system-out>
    <![CDATA[Site Launched:::https://bingo.sportingbet.com/pt-br/bingo/rooms?q=1
Getting game list
Tutorial Skipped
Balance before wager captured
ticketPrice is captured
Balance after wager is captured
Wagered Amount
historyBoard invoked
historyBoard closed
Full House Window
Waiting for prebuy to load....
Prebuy popup invoked
Smiley's invoked
Verified Chat
Closed popup is displaying
Close the game window]]>
  </system-out>
</testsuite> <!-- sportingbet.Sportingbet_FST -->
