<?xml version="1.0" encoding="UTF-8"?>
<!-- Generated by org.testng.reporters.JUnitReportReporter -->
<testsuite hostname="INLPF37BZVM" failures="0" tests="1" name="ladbrokes.Ladbrokes" time="277.051" errors="0" timestamp="2024-01-08T12:38:25 IST" skipped="0">
  <testcase classname="ladbrokes.Ladbrokes" name="ladbrokesBingo" time="277.051">
    <system-out>
      <![CDATA[Site Launched:::https://bingo.ladbrokes.com/en/bingo/rooms?q=1
Getting game list
Tutorial Skipped
Balance before wager captured
Tickets purchased
Balance after wawger is captured
Wagered Amount
Prizes popup invoked
Prizes popup closed
Jackpot popup invoked
Jackpot popup closed
historyBoard invoked
historyBoard closed
Full House Window
Clicked on bet history
Clicked on bet history refresh
Clicked on history sorting
Expanding bet history
Smiley's invoked
Smiley's closed
Closed popup is displaying
Close the game window]]>
    </system-out>
  </testcase> <!-- ladbrokesBingo -->
  <system-out>
    <![CDATA[Site Launched:::https://bingo.ladbrokes.com/en/bingo/rooms?q=1
Getting game list
Tutorial Skipped
Balance before wager captured
Tickets purchased
Balance after wawger is captured
Wagered Amount
Prizes popup invoked
Prizes popup closed
Jackpot popup invoked
Jackpot popup closed
historyBoard invoked
historyBoard closed
Full House Window
Clicked on bet history
Clicked on bet history refresh
Clicked on history sorting
Expanding bet history
Smiley's invoked
Smiley's closed
Closed popup is displaying
Close the game window]]>
  </system-out>
</testsuite> <!-- ladbrokes.Ladbrokes -->
