<?xml version="1.0" encoding="UTF-8"?>
<!-- Generated by org.testng.reporters.JUnitReportReporter -->
<testsuite hostname="INLPF36YZ5S" failures="0" tests="1" name="Execution.ExecutionEngine2" time="27.847" errors="0" timestamp="2022-08-10T17:40:02 IST" skipped="0">
  <testcase classname="Execution.ExecutionEngine2" name="AlllabelsFST" time="27.847"/>
  <system-out/>
</testsuite> <!-- Execution.ExecutionEngine2 -->
