<?xml version="1.0" encoding="UTF-8"?>
<!-- Generated by org.testng.reporters.JUnitReportReporter -->
<testsuite hostname="INLPF37BZVM" failures="0" tests="1" name="gala.GalaBingo_DailyFreeBingoAndSelectandBuy" time="64.344" errors="0" timestamp="2024-01-24T15:23:35 IST" skipped="0">
  <testcase classname="gala.GalaBingo_DailyFreeBingoAndSelectandBuy" name="galaBingo" time="64.344">
    <system-out>
      <![CDATA[Site Launched:::https://bingo.galabingo.com/en/bingo/schedule?q=1
Tutorial Skipped
Closed popup is displaying
Close the game window]]>
    </system-out>
  </testcase> <!-- galaBingo -->
  <system-out>
    <![CDATA[Site Launched:::https://bingo.galabingo.com/en/bingo/schedule?q=1
Tutorial Skipped
Closed popup is displaying
Close the game window]]>
  </system-out>
</testsuite> <!-- gala.GalaBingo_DailyFreeBingoAndSelectandBuy -->
