<?xml version="1.0" encoding="UTF-8"?>
<!-- Generated by org.testng.reporters.JUnitReportReporter -->
<testsuite hostname="INL1YV86DF" failures="0" tests="1" name="cheeky.Cheeky" time="375.890" errors="0" timestamp="2023-02-01T10:22:36 IST" skipped="0">
  <testcase classname="cheeky.Cheeky" name="cheekyBingo" time="375.890"/>
  <system-out>
    <![CDATA[Site Launched:::https://bingo.cheekybingo.com/en/bingo/rooms
Getting game list
Game Launched
Tutorial Skipped
Balance before wager captured
Balance after wawger is captured
Wagered Amount
Prizes popup invoked
Prizes popup closed
Jackpot popup invoked
Jackpot popup closed
historyBoard invoked
historyBoard closed
Full House Window
Waiting for prebuy to load....
Prebuy popup invoked
Smiley's invoked
Smiley's closed
Closed popup is displaying
Close the game window]]>
  </system-out>
</testsuite> <!-- cheeky.Cheeky -->
