<?xml version="1.0" encoding="UTF-8"?>
<!-- Generated by org.testng.reporters.JUnitReportReporter -->
<testsuite hostname="INLPF36YZ5S" failures="0" tests="1" name="Execution.ExecutionEngine" time="37.815" errors="0" timestamp="2022-08-10T17:40:02 IST" skipped="0">
  <testcase classname="Execution.ExecutionEngine" name="AlllabelsFST" time="37.815"/>
  <system-out>
    <![CDATA[Site Launched:::https://bingo.ladbrokes.com/en/bingo/schedule/90-ball]]>
  </system-out>
</testsuite> <!-- Execution.ExecutionEngine -->
